<?xml version="1.0" encoding="UTF-8"?>
<!-- Generated by org.testng.reporters.JUnitReportReporter -->
<testsuite hostname="IN-VM-HS21" failures="0" tests="3" name="com.browserstack.LocalTest" time="35.401" errors="0" timestamp="2022-10-13T11:23:14 IST" skipped="0">
  <testcase classname="com.browserstack.LocalTest" name="test" time="10.330"/>
  <system-out/>
  <testcase classname="com.browserstack.LocalTest" name="test" time="16.015"/>
  <system-out/>
  <testcase classname="com.browserstack.LocalTest" name="test" time="9.056"/>
  <system-out/>
</testsuite> <!-- com.browserstack.LocalTest -->
